<?xml version="1.0" encoding="UTF-8"?>
<testsuite xmlns:xsi="http://www.w3.org/2001/XMLSchema-instance" xsi:noNamespaceSchemaLocation="https://maven.apache.org/surefire/maven-surefire-plugin/xsd/surefire-test-report.xsd" version="3.0.2" name="com.hivemq.extensions.rbac.configuration.ConfigCredentialsValidatorTest" time="0.005" tests="24" errors="0" skipped="0" failures="0">
  <properties>
[...]
</properties>
  <testcase name="test_null_permissions" classname="com.hivemq.extensions.rbac.configuration.ConfigCredentialsValidatorTest" time="0.0"/>
  <testcase name="test_user_unknown_role" classname="com.hivemq.extensions.rbac.configuration.ConfigCredentialsValidatorTest" time="0.0"/>
  <testcase name="test_missing_id" classname="com.hivemq.extensions.rbac.configuration.ConfigCredentialsValidatorTest" time="0.0"/>
  <testcase name="test_pass_missing" classname="com.hivemq.extensions.rbac.configuration.ConfigCredentialsValidatorTest" time="0.0"/>
  <testcase name="test_name_missing" classname="com.hivemq.extensions.rbac.configuration.ConfigCredentialsValidatorTest" time="0.0"/>
  <testcase name="test_permission_no_sharedSub" classname="com.hivemq.extensions.rbac.configuration.ConfigCredentialsValidatorTest" time="0.0"/>
  <testcase name="test_permission_no_sharedGroup" classname="com.hivemq.extensions.rbac.configuration.ConfigCredentialsValidatorTest" time="0.0"/>
  <testcase name="test_no_roles" classname="com.hivemq.extensions.rbac.configuration.ConfigCredentialsValidatorTest" time="0.0"/>
  <testcase name="test_no_users" classname="com.hivemq.extensions.rbac.configuration.ConfigCredentialsValidatorTest" time="0.0"/>
  <testcase name="test_permission_no_retain" classname="com.hivemq.extensions.rbac.configuration.ConfigCredentialsValidatorTest" time="0.0"/>
  <testcase name="test_user_invalid_role" classname="com.hivemq.extensions.rbac.configuration.ConfigCredentialsValidatorTest" time="0.0"/>
  <testcase name="test_duplicate_id" classname="com.hivemq.extensions.rbac.configuration.ConfigCredentialsValidatorTest" time="0.0"/>
  <testcase name="test_empty_id" classname="com.hivemq.extensions.rbac.configuration.ConfigCredentialsValidatorTest" time="0.001"/>
  <testcase name="test_no_permissions" classname="com.hivemq.extensions.rbac.configuration.ConfigCredentialsValidatorTest" time="0.0"/>
  <testcase name="test_user_role_missing" classname="com.hivemq.extensions.rbac.configuration.ConfigCredentialsValidatorTest" time="0.0"/>
  <testcase name="test_permission_no_activity" classname="com.hivemq.extensions.rbac.configuration.ConfigCredentialsValidatorTest" time="0.0"/>
  <testcase name="test_permission_no_qos" classname="com.hivemq.extensions.rbac.configuration.ConfigCredentialsValidatorTest" time="0.0"/>
  <testcase name="test_invalid_hashed_pw_username" classname="com.hivemq.extensions.rbac.configuration.ConfigCredentialsValidatorTest" time="0.001"/>
  <testcase name="test_user_role_empty" classname="com.hivemq.extensions.rbac.configuration.ConfigCredentialsValidatorTest" time="0.0"/>
  <testcase name="test_valid_hashed_pw_username" classname="com.hivemq.extensions.rbac.configuration.ConfigCredentialsValidatorTest" time="0.0"/>
  <testcase name="test_empty_roles" classname="com.hivemq.extensions.rbac.configuration.ConfigCredentialsValidatorTest" time="0.0"/>
  <testcase name="test_empty_users" classname="com.hivemq.extensions.rbac.configuration.ConfigCredentialsValidatorTest" time="0.0"/>
  <testcase name="test_permission_no_topic" classname="com.hivemq.extensions.rbac.configuration.ConfigCredentialsValidatorTest" time="0.001"/>
  <testcase name="test_duplicate_username" classname="com.hivemq.extensions.rbac.configuration.ConfigCredentialsValidatorTest" time="0.0"/>
</testsuite>