<?xml version="1.0" encoding="UTF-8"?>
<testsuite xmlns:xsi="http://www.w3.org/2001/XMLSchema-instance" xsi:noNamespaceSchemaLocation="https://maven.apache.org/surefire/maven-surefire-plugin/xsd/surefire-test-report.xsd" version="3.0.2" name="com.hivemq.extensions.rbac.utils.CredentialsValidatorTest" time="0.824" tests="6" errors="0" skipped="0" failures="0">
  <properties>
[...]
</properties>
  <testcase name="test_permissions_with_unknown_role" classname="com.hivemq.extensions.rbac.utils.CredentialsValidatorTest" time="0.514">
    <system-out><![CDATA[23:45:34.563 [main] WARN com.hivemq.extensions.rbac.configuration.ConfigParser - Configuration for file auth extension has errors: 
	- Unknown role 'role_that_does_not_exist' for user 'user3'
23:45:34.565 [main] WARN com.hivemq.extensions.rbac.configuration.ConfigParser - Configuration for file auth extension has errors: 
	- Unknown role 'role_that_does_not_exist' for user 'user3'
23:45:34.566 [main] WARN com.hivemq.extensions.rbac.configuration.Configuration - No credentials configuration file for file auth extension available, denying all connections.
]]></system-out>
  </testcase>
  <testcase name="test_valid_roles_plain" classname="com.hivemq.extensions.rbac.utils.CredentialsValidatorTest" time="0.009"/>
  <testcase name="test_valid_roles_hashed" classname="com.hivemq.extensions.rbac.utils.CredentialsValidatorTest" time="0.078"/>
  <testcase name="test_permissions" classname="com.hivemq.extensions.rbac.utils.CredentialsValidatorTest" time="0.018"/>
  <testcase name="test_invalid_roles" classname="com.hivemq.extensions.rbac.utils.CredentialsValidatorTest" time="0.01"/>
  <testcase name="test_invalid_config" classname="com.hivemq.extensions.rbac.utils.CredentialsValidatorTest" time="0.019">
    <system-out><![CDATA[23:45:34.700 [main] ERROR com.hivemq.extensions.rbac.configuration.ConfigParser - Could not read configuration file, reason: javax.xml.bind.UnmarshalException
 - with linked exception:
[org.xml.sax.SAXParseException; lineNumber: 1; columnNumber: 1; Premature end of file.]
23:45:34.701 [main] ERROR com.hivemq.extensions.rbac.configuration.ConfigParser - Could not read configuration file, reason: javax.xml.bind.UnmarshalException
 - with linked exception:
[org.xml.sax.SAXParseException; lineNumber: 1; columnNumber: 1; Premature end of file.]
23:45:34.701 [main] WARN com.hivemq.extensions.rbac.configuration.Configuration - No credentials configuration file for file auth extension available, denying all connections.
]]></system-out>
  </testcase>
</testsuite>